..\..\AlienRush.pdb
F:\PROGRAMMING\IT276\ALIENRUSH\ALIENRUSH.EXE
F:\PROGRAMMING\IT276\ALIENRUSH\ALIENRUSH.PDB
F:\Programming\IT276\AlienRush\AlienRush\AlienRush\..\..\AlienRush.exe
F:\PROGRAMMING\IT276\ALIENRUSH\ALIENRUSH\ALIENRUSH\RELEASE\ALIENRUSH.EXE.INTERMEDIATE.MANIFEST
F:\Programming\IT276\AlienRush\AlienRush\AlienRush\Release\AlienRush.vcxprojResolveAssemblyReference.cache
F:\Programming\IT276\AlienRush\AlienRush\AlienRush\Release\AlienRush.write.1.tlog
F:\PROGRAMMING\IT276\ALIENRUSH\ALIENRUSH\ALIENRUSH\RELEASE\AUDIO.OBJ
F:\Programming\IT276\AlienRush\AlienRush\AlienRush\Release\cl.command.1.tlog
F:\Programming\IT276\AlienRush\AlienRush\AlienRush\Release\CL.read.1.tlog
F:\Programming\IT276\AlienRush\AlienRush\AlienRush\Release\CL.write.1.tlog
F:\PROGRAMMING\IT276\ALIENRUSH\ALIENRUSH\ALIENRUSH\RELEASE\ENTITY.OBJ
F:\PROGRAMMING\IT276\ALIENRUSH\ALIENRUSH\ALIENRUSH\RELEASE\FONT.OBJ
F:\PROGRAMMING\IT276\ALIENRUSH\ALIENRUSH\ALIENRUSH\RELEASE\GAME.OBJ
F:\PROGRAMMING\IT276\ALIENRUSH\ALIENRUSH\ALIENRUSH\RELEASE\GRAPHICS.OBJ
F:\Programming\IT276\AlienRush\AlienRush\AlienRush\Release\link.command.1.tlog
F:\Programming\IT276\AlienRush\AlienRush\AlienRush\Release\link.read.1.tlog
F:\Programming\IT276\AlienRush\AlienRush\AlienRush\Release\link.write.1.tlog
F:\PROGRAMMING\IT276\ALIENRUSH\ALIENRUSH\ALIENRUSH\RELEASE\MENU.OBJ
F:\Programming\IT276\AlienRush\AlienRush\AlienRush\Release\mt.command.1.tlog
F:\Programming\IT276\AlienRush\AlienRush\AlienRush\Release\mt.read.1.tlog
F:\Programming\IT276\AlienRush\AlienRush\AlienRush\Release\mt.write.1.tlog
F:\PROGRAMMING\IT276\ALIENRUSH\ALIENRUSH\ALIENRUSH\RELEASE\PARTICLE.OBJ
F:\PROGRAMMING\IT276\ALIENRUSH\ALIENRUSH\ALIENRUSH\RELEASE\PLAYER.OBJ
F:\PROGRAMMING\IT276\ALIENRUSH\ALIENRUSH\ALIENRUSH\RELEASE\PROJECTILES.OBJ
F:\PROGRAMMING\IT276\ALIENRUSH\ALIENRUSH\ALIENRUSH\RELEASE\SPACE.OBJ
F:\PROGRAMMING\IT276\ALIENRUSH\ALIENRUSH\ALIENRUSH\RELEASE\SPAWN.OBJ
F:\PROGRAMMING\IT276\ALIENRUSH\ALIENRUSH\ALIENRUSH\RELEASE\SPRITE.OBJ
F:\PROGRAMMING\IT276\ALIENRUSH\ALIENRUSH\ALIENRUSH\RELEASE\VC100.PDB
F:\PROGRAMMING\IT276\ALIENRUSH\ALIENRUSH\ALIENRUSH\RELEASE\WEAPONS.OBJ
F:\PROGRAMMING\IT276\ALIENRUSH\ALIENRUSH\ALIENRUSH\RELEASE\WINDOW.OBJ
F:\PROGRAMMING\IT276\ALIENRUSH\ALIENRUSH\ALIENRUSH\RELEASE\WORLDENTS.OBJ
